<?xml version="1.0" encoding="UTF-8"?>
<!-- Generated by org.testng.reporters.JUnitReportReporter -->
<testsuite hostname="MyMacs-MBP-2.fios-router.home" name="com.qa.darksky.tests.HomePageTest" tests="4" failures="0" timestamp="9 Aug 2020 15:54:24 GMT" time="1.583" errors="0">
  <testcase name="doclicktoday" time="1.101" classname="com.qa.darksky.tests.HomePageTest"/>
  <testcase name="printTempsList" time="0.400" classname="com.qa.darksky.tests.HomePageTest"/>
  <testcase name="verifytemps" time="0.003" classname="com.qa.darksky.tests.HomePageTest"/>
  <testcase name="verifyHomePageTitleTest" time="0.079" classname="com.qa.darksky.tests.HomePageTest"/>
</testsuite> <!-- com.qa.darksky.tests.HomePageTest -->
